d:\faculdade\cm\of_v0.11.2_vs2017_release\apps\myapps\layout\obj\win32\debug\vc142.pdb
d:\faculdade\cm\of_v0.11.2_vs2017_release\apps\myapps\layout\obj\win32\debug\src\camera\camera.obj
d:\faculdade\cm\of_v0.11.2_vs2017_release\apps\myapps\layout\obj\win32\debug\src\imageandvideo\imageandvideo.obj
d:\faculdade\cm\of_v0.11.2_vs2017_release\apps\myapps\layout\bin\layout_debug.lib
d:\faculdade\cm\of_v0.11.2_vs2017_release\apps\myapps\layout\bin\layout_debug.exp
d:\faculdade\cm\of_v0.11.2_vs2017_release\apps\myapps\layout\obj\win32\debug\layout_debug.ilk
d:\faculdade\cm\of_v0.11.2_vs2017_release\apps\myapps\layout\bin\layout_debug.exe
d:\faculdade\cm\of_v0.11.2_vs2017_release\apps\myapps\layout\bin\layout_debug.pdb
d:\faculdade\cm\of_v0.11.2_vs2017_release\apps\myapps\layout\obj\win32\debug\icon.res
d:\faculdade\cm\of_v0.11.2_vs2017_release\apps\myapps\layout\obj\win32\debug\proj_debug.ilk
d:\faculdade\cm\of_v0.11.2_vs2017_release\apps\myapps\layout\obj\win32\debug\layout.tlog\cl.command.1.tlog
d:\faculdade\cm\of_v0.11.2_vs2017_release\apps\myapps\layout\obj\win32\debug\layout.tlog\cl.read.1.tlog
d:\faculdade\cm\of_v0.11.2_vs2017_release\apps\myapps\layout\obj\win32\debug\layout.tlog\cl.write.1.tlog
d:\faculdade\cm\of_v0.11.2_vs2017_release\apps\myapps\layout\obj\win32\debug\layout.tlog\layout.write.1u.tlog
d:\faculdade\cm\of_v0.11.2_vs2017_release\apps\myapps\layout\obj\win32\debug\layout.tlog\link.command.1.tlog
d:\faculdade\cm\of_v0.11.2_vs2017_release\apps\myapps\layout\obj\win32\debug\layout.tlog\link.read.1.tlog
d:\faculdade\cm\of_v0.11.2_vs2017_release\apps\myapps\layout\obj\win32\debug\layout.tlog\link.write.1.tlog
d:\faculdade\cm\of_v0.11.2_vs2017_release\apps\myapps\layout\obj\win32\debug\layout.tlog\rc.command.1.tlog
d:\faculdade\cm\of_v0.11.2_vs2017_release\apps\myapps\layout\obj\win32\debug\layout.tlog\rc.read.1.tlog
d:\faculdade\cm\of_v0.11.2_vs2017_release\apps\myapps\layout\obj\win32\debug\layout.tlog\rc.write.1.tlog
