d:\faculdade\cm\of_v0.11.2_vs2017_release\apps\myapps\mainproj\obj\win32\debug\vc142.pdb
d:\faculdade\cm\of_v0.11.2_vs2017_release\apps\myapps\mainproj\obj\win32\debug\src\camera\camera.obj
d:\faculdade\cm\of_v0.11.2_vs2017_release\apps\myapps\mainproj\obj\win32\debug\src\ofapp.obj
d:\faculdade\cm\of_v0.11.2_vs2017_release\apps\myapps\mainproj\obj\win32\debug\src\main.obj
d:\faculdade\cm\of_v0.11.2_vs2017_release\apps\myapps\mainproj\obj\win32\debug\src\imageandvideo\imageandvideo.obj
d:\faculdade\cm\of_v0.11.2_vs2017_release\apps\myapps\mainproj\obj\win32\debug\src\layout\layout.obj
d:\faculdade\cm\of_v0.11.2_vs2017_release\apps\myapps\mainproj\obj\win32\debug\src\metadata\metadata.obj
d:\faculdade\cm\of_v0.11.2_vs2017_release\apps\myapps\mainproj\addons\ofxxmlsettings\src\ofxxmlsettings.obj
d:\faculdade\cm\of_v0.11.2_vs2017_release\apps\myapps\mainproj\addons\ofxxmlsettings\libs\tinyxmlerror.obj
d:\faculdade\cm\of_v0.11.2_vs2017_release\apps\myapps\mainproj\addons\ofxxmlsettings\libs\tinyxmlparser.obj
d:\faculdade\cm\of_v0.11.2_vs2017_release\apps\myapps\mainproj\addons\ofxxmlsettings\libs\tinyxml.obj
d:\faculdade\cm\of_v0.11.2_vs2017_release\apps\myapps\mainproj\obj\win32\debug\mainproj_debug.ilk
d:\faculdade\cm\of_v0.11.2_vs2017_release\apps\myapps\mainproj\bin\mainproj_debug.exe
d:\faculdade\cm\of_v0.11.2_vs2017_release\apps\myapps\mainproj\bin\mainproj_debug.pdb
d:\faculdade\cm\of_v0.11.2_vs2017_release\apps\myapps\mainproj\bin\mainproj_debug.lib
d:\faculdade\cm\of_v0.11.2_vs2017_release\apps\myapps\mainproj\bin\mainproj_debug.exp
d:\faculdade\cm\of_v0.11.2_vs2017_release\apps\myapps\mainproj\obj\win32\debug\icon.res
d:\faculdade\cm\of_v0.11.2_vs2017_release\apps\myapps\mainproj\obj\win32\debug\mainproj.tlog\cl.command.1.tlog
d:\faculdade\cm\of_v0.11.2_vs2017_release\apps\myapps\mainproj\obj\win32\debug\mainproj.tlog\cl.read.1.tlog
d:\faculdade\cm\of_v0.11.2_vs2017_release\apps\myapps\mainproj\obj\win32\debug\mainproj.tlog\cl.write.1.tlog
d:\faculdade\cm\of_v0.11.2_vs2017_release\apps\myapps\mainproj\obj\win32\debug\mainproj.tlog\link.command.1.tlog
d:\faculdade\cm\of_v0.11.2_vs2017_release\apps\myapps\mainproj\obj\win32\debug\mainproj.tlog\link.read.1.tlog
d:\faculdade\cm\of_v0.11.2_vs2017_release\apps\myapps\mainproj\obj\win32\debug\mainproj.tlog\link.write.1.tlog
d:\faculdade\cm\of_v0.11.2_vs2017_release\apps\myapps\mainproj\obj\win32\debug\mainproj.tlog\mainproj.write.1u.tlog
d:\faculdade\cm\of_v0.11.2_vs2017_release\apps\myapps\mainproj\obj\win32\debug\mainproj.tlog\rc.command.1.tlog
d:\faculdade\cm\of_v0.11.2_vs2017_release\apps\myapps\mainproj\obj\win32\debug\mainproj.tlog\rc.read.1.tlog
d:\faculdade\cm\of_v0.11.2_vs2017_release\apps\myapps\mainproj\obj\win32\debug\mainproj.tlog\rc.write.1.tlog
